D:\Work\Spectral\USBMiner\Release\USBMiner.exe
D:\Work\Spectral\USBMiner\Release\USBMiner.pdb
D:\Work\Spectral\USBMiner\USBMiner\Release\cl.command.1.tlog
D:\Work\Spectral\USBMiner\USBMiner\Release\CL.read.1.tlog
D:\Work\Spectral\USBMiner\USBMiner\Release\CL.write.1.tlog
D:\Work\Spectral\USBMiner\USBMiner\Release\CommandFile.obj
D:\Work\Spectral\USBMiner\USBMiner\Release\CommandFileLines.obj
D:\Work\Spectral\USBMiner\USBMiner\Release\Dev.obj
D:\Work\Spectral\USBMiner\USBMiner\Release\link.command.1.tlog
D:\Work\Spectral\USBMiner\USBMiner\Release\link.read.1.tlog
D:\Work\Spectral\USBMiner\USBMiner\Release\link.write.1.tlog
D:\Work\Spectral\USBMiner\USBMiner\Release\log.obj
D:\Work\Spectral\USBMiner\USBMiner\Release\mt.command.1.tlog
D:\Work\Spectral\USBMiner\USBMiner\Release\mt.read.1.tlog
D:\Work\Spectral\USBMiner\USBMiner\Release\mt.write.1.tlog
D:\Work\Spectral\USBMiner\USBMiner\Release\stdafx.obj
D:\Work\Spectral\USBMiner\USBMiner\Release\test.obj
D:\Work\Spectral\USBMiner\USBMiner\Release\usb.obj
D:\Work\Spectral\USBMiner\USBMiner\Release\USBMiner.exe.intermediate.manifest
D:\Work\Spectral\USBMiner\USBMiner\Release\USBMiner.obj
D:\Work\Spectral\USBMiner\USBMiner\Release\USBMiner.pch
D:\Work\Spectral\USBMiner\USBMiner\Release\USBMiner.write.1.tlog
D:\Work\Spectral\USBMiner\USBMiner\Release\vc100.pdb
D:\WORK\USBMINER\USBMINER\RELEASE\USBMINER.EXE
D:\Work\USBMiner\USBMiner\Release\USBMiner.exp
D:\Work\USBMiner\USBMiner\Release\USBMiner.lib
D:\WORK\USBMINER\USBMINER\RELEASE\USBMINER.PDB
D:\WORK\USBMINER\USBMINER\USBMINER\RELEASE\COMMANDFILE.OBJ
D:\WORK\USBMINER\USBMINER\USBMINER\RELEASE\COMMANDFILELINES.OBJ
D:\WORK\USBMINER\USBMINER\USBMINER\RELEASE\DEV.OBJ
D:\WORK\USBMINER\USBMINER\USBMINER\RELEASE\LOG.OBJ
D:\WORK\USBMINER\USBMINER\USBMINER\RELEASE\STDAFX.OBJ
D:\WORK\USBMINER\USBMINER\USBMINER\RELEASE\TEST.OBJ
D:\WORK\USBMINER\USBMINER\USBMINER\RELEASE\USB.OBJ
D:\WORK\USBMINER\USBMINER\USBMINER\RELEASE\USBMINER.EXE.INTERMEDIATE.MANIFEST
D:\WORK\USBMINER\USBMINER\USBMINER\RELEASE\USBMINER.OBJ
D:\WORK\USBMINER\USBMINER\USBMINER\RELEASE\USBMINER.PCH
D:\WORK\USBMINER\USBMINER\USBMINER\RELEASE\VC100.PDB
