Build started 19.11.2015 10:15:46.
     1>Project "D:\Work\Spectral\USBMiner\USBMiner\USBMiner.vcxproj" on node 2 (rebuild target(s)).
     1>_PrepareForClean:
         Deleting file "Release\USBMiner.lastbuildstate".
       InitializeBuildStatus:
         Creating "Release\USBMiner.unsuccessfulbuild" because "AlwaysCreate" was specified.
       ClCompile:
         C:\Program Files (x86)\Microsoft Visual Studio 10.0\VC\bin\CL.exe /c /Zi /nologo /W3 /WX- /O2 /Oi /Oy- /GL /D WIN32 /D NDEBUG /D _CONSOLE /D _UNICODE /D UNICODE /D FTD2XX_EXPORTS /Gm- /EHsc /MD /GS /Gy /fp:precise /Zc:wchar_t /Zc:forScope /Yc"StdAfx.h" /Fp"Release\USBMiner.pch" /Fo"Release\\" /Fd"Release\vc100.pdb" /Gd /TP /analyze- /errorReport:prompt stdafx.cpp
         stdafx.cpp
         C:\Program Files (x86)\Microsoft Visual Studio 10.0\VC\bin\CL.exe /c /Zi /nologo /W3 /WX- /O2 /Oi /Oy- /GL /D WIN32 /D NDEBUG /D _CONSOLE /D _UNICODE /D UNICODE /D FTD2XX_EXPORTS /Gm- /EHsc /MD /GS /Gy /fp:precise /Zc:wchar_t /Zc:forScope /Yu"StdAfx.h" /Fp"Release\USBMiner.pch" /Fo"Release\\" /Fd"Release\vc100.pdb" /Gd /TP /analyze- /errorReport:prompt CommandFile.cpp CommandFileLines.cpp Dev.cpp log.cpp test.cpp usb.cpp
         CommandFile.cpp
     1>CommandFile.cpp(11): warning C4996: 'strcpy': This function or variable may be unsafe. Consider using strcpy_s instead. To disable deprecation, use _CRT_SECURE_NO_WARNINGS. See online help for details.
                 C:\Program Files (x86)\Microsoft Visual Studio 10.0\VC\include\string.h(105) : see declaration of 'strcpy'
     1>CommandFile.cpp(26): warning C4996: 'fopen': This function or variable may be unsafe. Consider using fopen_s instead. To disable deprecation, use _CRT_SECURE_NO_WARNINGS. See online help for details.
                 C:\Program Files (x86)\Microsoft Visual Studio 10.0\VC\include\stdio.h(234) : see declaration of 'fopen'
     1>CommandFile.cpp(59): warning C4996: 'sscanf': This function or variable may be unsafe. Consider using sscanf_s instead. To disable deprecation, use _CRT_SECURE_NO_WARNINGS. See online help for details.
                 C:\Program Files (x86)\Microsoft Visual Studio 10.0\VC\include\stdio.h(325) : see declaration of 'sscanf'
     1>CommandFile.cpp(63): warning C4996: 'sscanf': This function or variable may be unsafe. Consider using sscanf_s instead. To disable deprecation, use _CRT_SECURE_NO_WARNINGS. See online help for details.
                 C:\Program Files (x86)\Microsoft Visual Studio 10.0\VC\include\stdio.h(325) : see declaration of 'sscanf'
     1>CommandFile.cpp(67): warning C4996: 'sscanf': This function or variable may be unsafe. Consider using sscanf_s instead. To disable deprecation, use _CRT_SECURE_NO_WARNINGS. See online help for details.
                 C:\Program Files (x86)\Microsoft Visual Studio 10.0\VC\include\stdio.h(325) : see declaration of 'sscanf'
     1>CommandFile.cpp(74): warning C4996: 'sscanf': This function or variable may be unsafe. Consider using sscanf_s instead. To disable deprecation, use _CRT_SECURE_NO_WARNINGS. See online help for details.
                 C:\Program Files (x86)\Microsoft Visual Studio 10.0\VC\include\stdio.h(325) : see declaration of 'sscanf'
         CommandFileLines.cpp
     1>CommandFileLines.cpp(14): warning C4996: 'strcpy': This function or variable may be unsafe. Consider using strcpy_s instead. To disable deprecation, use _CRT_SECURE_NO_WARNINGS. See online help for details.
                 C:\Program Files (x86)\Microsoft Visual Studio 10.0\VC\include\string.h(105) : see declaration of 'strcpy'
     1>CommandFileLines.cpp(43): warning C4996: 'sscanf': This function or variable may be unsafe. Consider using sscanf_s instead. To disable deprecation, use _CRT_SECURE_NO_WARNINGS. See online help for details.
                 C:\Program Files (x86)\Microsoft Visual Studio 10.0\VC\include\stdio.h(325) : see declaration of 'sscanf'
     1>CommandFileLines.cpp(107): warning C4996: 'sscanf': This function or variable may be unsafe. Consider using sscanf_s instead. To disable deprecation, use _CRT_SECURE_NO_WARNINGS. See online help for details.
                 C:\Program Files (x86)\Microsoft Visual Studio 10.0\VC\include\stdio.h(325) : see declaration of 'sscanf'
     1>CommandFileLines.cpp(118): warning C4244: 'initializing' : conversion from 'float' to 'int', possible loss of data
     1>CommandFileLines.cpp(124): warning C4996: 'fopen': This function or variable may be unsafe. Consider using fopen_s instead. To disable deprecation, use _CRT_SECURE_NO_WARNINGS. See online help for details.
                 C:\Program Files (x86)\Microsoft Visual Studio 10.0\VC\include\stdio.h(234) : see declaration of 'fopen'
     1>CommandFileLines.cpp(133): warning C4996: 'sscanf': This function or variable may be unsafe. Consider using sscanf_s instead. To disable deprecation, use _CRT_SECURE_NO_WARNINGS. See online help for details.
                 C:\Program Files (x86)\Microsoft Visual Studio 10.0\VC\include\stdio.h(325) : see declaration of 'sscanf'
     1>CommandFileLines.cpp(158): warning C4244: '=' : conversion from 'float' to 'clock_t', possible loss of data
     1>CommandFileLines.cpp(277): warning C4244: 'argument' : conversion from 'float' to 'DWORD', possible loss of data
     1>CommandFileLines.cpp(287): warning C4244: 'argument' : conversion from 'float' to 'int', possible loss of data
         Dev.cpp
     1>Dev.cpp(74): warning C4244: 'initializing' : conversion from 'float' to 'int', possible loss of data
     1>Dev.cpp(154): warning C4996: 'sprintf': This function or variable may be unsafe. Consider using sprintf_s instead. To disable deprecation, use _CRT_SECURE_NO_WARNINGS. See online help for details.
                 C:\Program Files (x86)\Microsoft Visual Studio 10.0\VC\include\stdio.h(371) : see declaration of 'sprintf'
     1>Dev.cpp(155): warning C4996: 'fopen': This function or variable may be unsafe. Consider using fopen_s instead. To disable deprecation, use _CRT_SECURE_NO_WARNINGS. See online help for details.
                 C:\Program Files (x86)\Microsoft Visual Studio 10.0\VC\include\stdio.h(234) : see declaration of 'fopen'
         log.cpp
     1>log.cpp(9): warning C4996: 'fopen': This function or variable may be unsafe. Consider using fopen_s instead. To disable deprecation, use _CRT_SECURE_NO_WARNINGS. See online help for details.
                 C:\Program Files (x86)\Microsoft Visual Studio 10.0\VC\include\stdio.h(234) : see declaration of 'fopen'
     1>log.cpp(17): warning C4996: 'fopen': This function or variable may be unsafe. Consider using fopen_s instead. To disable deprecation, use _CRT_SECURE_NO_WARNINGS. See online help for details.
                 C:\Program Files (x86)\Microsoft Visual Studio 10.0\VC\include\stdio.h(234) : see declaration of 'fopen'
     1>log.cpp(38): warning C4996: 'sprintf': This function or variable may be unsafe. Consider using sprintf_s instead. To disable deprecation, use _CRT_SECURE_NO_WARNINGS. See online help for details.
                 C:\Program Files (x86)\Microsoft Visual Studio 10.0\VC\include\stdio.h(371) : see declaration of 'sprintf'
     1>log.cpp(55): warning C4996: 'sprintf': This function or variable may be unsafe. Consider using sprintf_s instead. To disable deprecation, use _CRT_SECURE_NO_WARNINGS. See online help for details.
                 C:\Program Files (x86)\Microsoft Visual Studio 10.0\VC\include\stdio.h(371) : see declaration of 'sprintf'
     1>log.cpp(61): warning C4996: 'sprintf': This function or variable may be unsafe. Consider using sprintf_s instead. To disable deprecation, use _CRT_SECURE_NO_WARNINGS. See online help for details.
                 C:\Program Files (x86)\Microsoft Visual Studio 10.0\VC\include\stdio.h(371) : see declaration of 'sprintf'
     1>log.cpp(67): warning C4996: 'sprintf': This function or variable may be unsafe. Consider using sprintf_s instead. To disable deprecation, use _CRT_SECURE_NO_WARNINGS. See online help for details.
                 C:\Program Files (x86)\Microsoft Visual Studio 10.0\VC\include\stdio.h(371) : see declaration of 'sprintf'
         test.cpp
     1>test.cpp(118): warning C4244: 'argument' : conversion from 'double' to 'int', possible loss of data
         usb.cpp
     1>usb.cpp(30): warning C4101: 'done' : unreferenced local variable
     1>usb.cpp(246): warning C4018: '>' : signed/unsigned mismatch
     1>usb.cpp(305): warning C4018: '>' : signed/unsigned mismatch
     1>usb.cpp(326): warning C4101: 'buffer' : unreferenced local variable
         C:\Program Files (x86)\Microsoft Visual Studio 10.0\VC\bin\CL.exe /c /Zi /nologo /W3 /WX- /O2 /Oi /Oy- /GL /D WIN32 /D NDEBUG /D _CONSOLE /D WIN32 /D NDEBUG /D _CONSOLE /D _UNICODE /D UNICODE /D FTD2XX_EXPORTS /D FTD2XX_EXPORTS /Gm- /EHsc /MD /GS /Gy /fp:precise /Zc:wchar_t /Zc:forScope /Yu"StdAfx.h" /Fp"Release\USBMiner.pch" /Fo"Release\\" /Fd"Release\vc100.pdb" /Gd /TP /analyze- /errorReport:prompt USBMiner.cpp
         USBMiner.cpp
     1>USBMiner.cpp(34): warning C4996: 'sprintf': This function or variable may be unsafe. Consider using sprintf_s instead. To disable deprecation, use _CRT_SECURE_NO_WARNINGS. See online help for details.
                 C:\Program Files (x86)\Microsoft Visual Studio 10.0\VC\include\stdio.h(371) : see declaration of 'sprintf'
     1>USBMiner.cpp(66): warning C4996: 'sscanf': This function or variable may be unsafe. Consider using sscanf_s instead. To disable deprecation, use _CRT_SECURE_NO_WARNINGS. See online help for details.
                 C:\Program Files (x86)\Microsoft Visual Studio 10.0\VC\include\stdio.h(325) : see declaration of 'sscanf'
     1>USBMiner.cpp(71): warning C4101: 'msg' : unreferenced local variable
     1>USBMiner.cpp(90): warning C4101: 'msg' : unreferenced local variable
     1>USBMiner.cpp(93): warning C4101: 'msg' : unreferenced local variable
       Link:
         C:\Program Files (x86)\Microsoft Visual Studio 10.0\VC\bin\link.exe /ERRORREPORT:PROMPT /OUT:"D:\Work\Spectral\USBMiner\Release\USBMiner.exe" /INCREMENTAL:NO /NOLOGO kernel32.lib user32.lib gdi32.lib winspool.lib comdlg32.lib advapi32.lib shell32.lib ole32.lib oleaut32.lib uuid.lib odbc32.lib odbccp32.lib kernel32.lib user32.lib gdi32.lib winspool.lib comdlg32.lib advapi32.lib shell32.lib ole32.lib oleaut32.lib uuid.lib odbc32.lib odbccp32.lib ftd2xx.lib /MANIFEST /ManifestFile:"Release\USBMiner.exe.intermediate.manifest" /MANIFESTUAC:"level='asInvoker' uiAccess='false'" /DEBUG /PDB:"D:\Work\Spectral\USBMiner\Release\USBMiner.pdb" /SUBSYSTEM:CONSOLE /OPT:REF /OPT:ICF /LTCG /TLBID:1 /DYNAMICBASE /NXCOMPAT /IMPLIB:"D:\Work\Spectral\USBMiner\Release\USBMiner.lib" /MACHINE:X86 Release\CommandFile.obj
         Release\CommandFileLines.obj
         Release\Dev.obj
         Release\log.obj
         Release\stdafx.obj
         Release\test.obj
         Release\usb.obj
         Release\USBMiner.obj
            Creating library D:\Work\Spectral\USBMiner\Release\USBMiner.lib and object D:\Work\Spectral\USBMiner\Release\USBMiner.exp
     1>LINK : warning LNK4098: defaultlib 'LIBCMT' conflicts with use of other libs; use /NODEFAULTLIB:library
         Generating code
         Finished generating code
     1>ftd2xx.lib(devcon.obj) : warning LNK4099: PDB 'vc90.pdb' was not found with 'ftd2xx.lib(devcon.obj)' or at 'D:\Work\Spectral\USBMiner\Release\vc90.pdb'; linking object as if no debug info
     1>ftd2xx.lib(EEDATA.obj) : warning LNK4099: PDB 'vc90.pdb' was not found with 'ftd2xx.lib(EEDATA.obj)' or at 'D:\Work\Spectral\USBMiner\Release\vc90.pdb'; linking object as if no debug info
     1>ftd2xx.lib(FTD2XX.obj) : warning LNK4099: PDB 'vc90.pdb' was not found with 'ftd2xx.lib(FTD2XX.obj)' or at 'D:\Work\Spectral\USBMiner\Release\vc90.pdb'; linking object as if no debug info
     1>ftd2xx.lib(FTE2DATA.obj) : warning LNK4099: PDB 'vc90.pdb' was not found with 'ftd2xx.lib(FTE2DATA.obj)' or at 'D:\Work\Spectral\USBMiner\Release\vc90.pdb'; linking object as if no debug info
     1>ftd2xx.lib(ftee2232.obj) : warning LNK4099: PDB 'vc90.pdb' was not found with 'ftd2xx.lib(ftee2232.obj)' or at 'D:\Work\Spectral\USBMiner\Release\vc90.pdb'; linking object as if no debug info
     1>ftd2xx.lib(ftee2232h.obj) : warning LNK4099: PDB 'vc90.pdb' was not found with 'ftd2xx.lib(ftee2232h.obj)' or at 'D:\Work\Spectral\USBMiner\Release\vc90.pdb'; linking object as if no debug info
     1>ftd2xx.lib(ftee232.obj) : warning LNK4099: PDB 'vc90.pdb' was not found with 'ftd2xx.lib(ftee232.obj)' or at 'D:\Work\Spectral\USBMiner\Release\vc90.pdb'; linking object as if no debug info
     1>ftd2xx.lib(ftee232h.obj) : warning LNK4099: PDB 'vc90.pdb' was not found with 'ftd2xx.lib(ftee232h.obj)' or at 'D:\Work\Spectral\USBMiner\Release\vc90.pdb'; linking object as if no debug info
     1>ftd2xx.lib(FTEE232R.obj) : warning LNK4099: PDB 'vc90.pdb' was not found with 'ftd2xx.lib(FTEE232R.obj)' or at 'D:\Work\Spectral\USBMiner\Release\vc90.pdb'; linking object as if no debug info
     1>ftd2xx.lib(ftee4232h.obj) : warning LNK4099: PDB 'vc90.pdb' was not found with 'ftd2xx.lib(ftee4232h.obj)' or at 'D:\Work\Spectral\USBMiner\Release\vc90.pdb'; linking object as if no debug info
     1>ftd2xx.lib(fteeftx.obj) : warning LNK4099: PDB 'vc90.pdb' was not found with 'ftd2xx.lib(fteeftx.obj)' or at 'D:\Work\Spectral\USBMiner\Release\vc90.pdb'; linking object as if no debug info
     1>ftd2xx.lib(SERIALNO.obj) : warning LNK4099: PDB 'vc90.pdb' was not found with 'ftd2xx.lib(SERIALNO.obj)' or at 'D:\Work\Spectral\USBMiner\Release\vc90.pdb'; linking object as if no debug info
         USBMiner.vcxproj -> D:\Work\Spectral\USBMiner\Release\USBMiner.exe
       Manifest:
         C:\Program Files (x86)\Microsoft SDKs\Windows\v7.0A\bin\mt.exe /nologo /verbose /outputresource:"D:\Work\Spectral\USBMiner\Release\USBMiner.exe;#1" /manifest Release\USBMiner.exe.intermediate.manifest
       FinalizeBuildStatus:
         Deleting file "Release\USBMiner.unsuccessfulbuild".
         Touching "Release\USBMiner.lastbuildstate".
     1>Done Building Project "D:\Work\Spectral\USBMiner\USBMiner\USBMiner.vcxproj" (rebuild target(s)).

Build succeeded.

Time Elapsed 00:00:05.46
