Build started 19.07.2015 15:17:36.
     1>Project "D:\Work\USBMiner\USBMiner\USBMiner\USBMiner.vcxproj" on node 2 (build target(s)).
     1>InitializeBuildStatus:
         Creating "Debug\USBMiner.unsuccessfulbuild" because "AlwaysCreate" was specified.
       ClCompile:
         All outputs are up-to-date.
         C:\Program Files (x86)\Microsoft Visual Studio 10.0\VC\bin\CL.exe /c /ZI /nologo /W3 /WX- /Od /Oy- /D WIN32 /D _DEBUG /D _CONSOLE /D _UNICODE /D UNICODE /D FTD2XX_EXPORTS /Gm /EHsc /RTC1 /MDd /GS /fp:precise /Zc:wchar_t /Zc:forScope /Yu"StdAfx.h" /Fp"Debug\USBMiner.pch" /Fo"Debug\\" /Fd"Debug\vc100.pdb" /Gd /TP /analyze- /errorReport:prompt CommandFileLines.cpp
         CommandFileLines.cpp
     1>d:\work\usbminer\usbminer\usbminer\commandfilelines.cpp(14): warning C4996: 'strcpy': This function or variable may be unsafe. Consider using strcpy_s instead. To disable deprecation, use _CRT_SECURE_NO_WARNINGS. See online help for details.
                 c:\program files (x86)\microsoft visual studio 10.0\vc\include\string.h(105) : see declaration of 'strcpy'
     1>d:\work\usbminer\usbminer\usbminer\commandfilelines.cpp(43): warning C4996: 'sscanf': This function or variable may be unsafe. Consider using sscanf_s instead. To disable deprecation, use _CRT_SECURE_NO_WARNINGS. See online help for details.
                 c:\program files (x86)\microsoft visual studio 10.0\vc\include\stdio.h(325) : see declaration of 'sscanf'
     1>d:\work\usbminer\usbminer\usbminer\commandfilelines.cpp(107): warning C4996: 'sscanf': This function or variable may be unsafe. Consider using sscanf_s instead. To disable deprecation, use _CRT_SECURE_NO_WARNINGS. See online help for details.
                 c:\program files (x86)\microsoft visual studio 10.0\vc\include\stdio.h(325) : see declaration of 'sscanf'
     1>d:\work\usbminer\usbminer\usbminer\commandfilelines.cpp(118): warning C4244: 'initializing' : conversion from 'float' to 'int', possible loss of data
     1>d:\work\usbminer\usbminer\usbminer\commandfilelines.cpp(124): warning C4996: 'fopen': This function or variable may be unsafe. Consider using fopen_s instead. To disable deprecation, use _CRT_SECURE_NO_WARNINGS. See online help for details.
                 c:\program files (x86)\microsoft visual studio 10.0\vc\include\stdio.h(234) : see declaration of 'fopen'
     1>d:\work\usbminer\usbminer\usbminer\commandfilelines.cpp(133): warning C4996: 'sscanf': This function or variable may be unsafe. Consider using sscanf_s instead. To disable deprecation, use _CRT_SECURE_NO_WARNINGS. See online help for details.
                 c:\program files (x86)\microsoft visual studio 10.0\vc\include\stdio.h(325) : see declaration of 'sscanf'
     1>d:\work\usbminer\usbminer\usbminer\commandfilelines.cpp(158): warning C4244: '=' : conversion from 'float' to 'clock_t', possible loss of data
     1>d:\work\usbminer\usbminer\usbminer\commandfilelines.cpp(277): warning C4244: 'argument' : conversion from 'float' to 'DWORD', possible loss of data
     1>d:\work\usbminer\usbminer\usbminer\commandfilelines.cpp(287): warning C4244: 'argument' : conversion from 'float' to 'int', possible loss of data
       ManifestResourceCompile:
         All outputs are up-to-date.
       Link:
         C:\Program Files (x86)\Microsoft Visual Studio 10.0\VC\bin\link.exe /ERRORREPORT:PROMPT /OUT:"D:\Work\USBMiner\USBMiner\Debug\USBMiner.exe" /INCREMENTAL /NOLOGO kernel32.lib user32.lib gdi32.lib winspool.lib comdlg32.lib advapi32.lib shell32.lib ole32.lib oleaut32.lib uuid.lib odbc32.lib odbccp32.lib kernel32.lib user32.lib gdi32.lib winspool.lib comdlg32.lib advapi32.lib shell32.lib ole32.lib oleaut32.lib uuid.lib odbc32.lib odbccp32.lib ftd2xx.lib /MANIFEST /ManifestFile:"Debug\USBMiner.exe.intermediate.manifest" /MANIFESTUAC:"level='asInvoker' uiAccess='false'" /DEBUG /PDB:"D:\Work\USBMiner\USBMiner\Debug\USBMiner.pdb" /SUBSYSTEM:CONSOLE /TLBID:1 /DYNAMICBASE /NXCOMPAT /IMPLIB:"D:\Work\USBMiner\USBMiner\Debug\USBMiner.lib" /MACHINE:X86 Debug\USBMiner.exe.embed.manifest.res
         Debug\CommandFile.obj
         Debug\CommandFileLines.obj
         Debug\Dev.obj
         Debug\log.obj
         Debug\stdafx.obj
         Debug\test.obj
         Debug\usb.obj
         Debug\USBMiner.obj
       Manifest:
         C:\Program Files (x86)\Microsoft SDKs\Windows\v7.0A\bin\mt.exe /nologo /verbose /out:"Debug\USBMiner.exe.embed.manifest" /manifest Debug\USBMiner.exe.intermediate.manifest
         All outputs are up-to-date.
       LinkEmbedManifest:
         All outputs are up-to-date.
         USBMiner.vcxproj -> D:\Work\USBMiner\USBMiner\Debug\USBMiner.exe
       FinalizeBuildStatus:
         Deleting file "Debug\USBMiner.unsuccessfulbuild".
         Touching "Debug\USBMiner.lastbuildstate".
     1>Done Building Project "D:\Work\USBMiner\USBMiner\USBMiner\USBMiner.vcxproj" (build target(s)).

Build succeeded.

Time Elapsed 00:00:03.13
